[2025-05-30T09:52:14.850Z] [INFO] [API] Portfolio cache miss for user cmb6ahtk10000gq50si3n8mci, account: all, calculating...
--------------------------------------------------------------------------------
[2025-05-30T09:52:15.663Z] [INFO] [API] Portfolio calculation completed in 831ms
--------------------------------------------------------------------------------
[2025-05-30T09:52:16.073Z] [INFO] [API] Portfolio API completed in 1241ms
--------------------------------------------------------------------------------
[2025-05-30T09:52:16.091Z] [INFO] [API] Portfolio cache hit for user cmb6ahtk10000gq50si3n8mci, account: all
--------------------------------------------------------------------------------
[2025-05-30T09:52:16.092Z] [INFO] [API] Portfolio API (cached) completed in 4ms
--------------------------------------------------------------------------------
[2025-05-30T09:52:25.683Z] [INFO] [API] Strategies cache miss for page 1, limit 50
--------------------------------------------------------------------------------
[2025-05-30T09:52:25.844Z] [INFO] [API] Strategies DB query completed in 175ms
--------------------------------------------------------------------------------
[2025-05-30T09:52:25.844Z] [INFO] [API] Strategies API completed in 175ms
--------------------------------------------------------------------------------
[2025-05-30T09:52:25.859Z] [INFO] [API] Strategies cache hit for page 1, limit 50
--------------------------------------------------------------------------------
[2025-05-30T09:52:25.859Z] [INFO] [API] Strategies API (cached) completed in 3ms
--------------------------------------------------------------------------------
[2025-05-30T09:52:31.324Z] [INFO] [API] Portfolio cache miss for user cmb6ahtk10000gq50si3n8mci, account: all, calculating...
--------------------------------------------------------------------------------
[2025-05-30T09:52:32.299Z] [INFO] [API] Portfolio calculation completed in 980ms
--------------------------------------------------------------------------------
[2025-05-30T09:52:32.759Z] [INFO] [API] Portfolio API completed in 1440ms
--------------------------------------------------------------------------------
[2025-05-30T09:52:32.778Z] [INFO] [API] Portfolio cache hit for user cmb6ahtk10000gq50si3n8mci, account: all
--------------------------------------------------------------------------------
[2025-05-30T09:52:32.778Z] [INFO] [API] Portfolio API (cached) completed in 3ms
--------------------------------------------------------------------------------
