[2025-05-28T08:01:04.719Z] [INFO] [TCBS] Market data request received
{
  "userId": "cmb6ahtk10000gq50si3n8mci",
  "tickers": [
    "NKG",
    "NTL"
  ],
  "cacheDuration": "60 minutes"
}
--------------------------------------------------------------------------------
[2025-05-28T08:01:04.721Z] [DEBUG] [TCBS] Starting market data fetch with caching
{
  "tickers": [
    "NKG",
    "NTL"
  ]
}
--------------------------------------------------------------------------------
[2025-05-28T08:01:04.869Z] [INFO] [TCBS] Cache EXPIRED for NKG
{
  "cacheAge": "1280 minutes old",
  "cacheDuration": "60 minutes"
}
--------------------------------------------------------------------------------
[2025-05-28T08:01:04.869Z] [INFO] [TCBS] Fetching market data from TCBS API
{
  "ticker": "NKG",
  "from": 1748304000,
  "to": 1748390400,
  "url": "https://apipubaws.tcbs.com.vn/stock-insight/v1/stock/bars-long-term?ticker=NKG&type=stock&resolution=D&from=1748304000&to=1748390400"
}
--------------------------------------------------------------------------------
[2025-05-28T08:01:04.878Z] [INFO] [TCBS] Cache EXPIRED for NTL
{
  "cacheAge": "1291 minutes old",
  "cacheDuration": "60 minutes"
}
--------------------------------------------------------------------------------
[2025-05-28T08:01:04.878Z] [INFO] [TCBS] Fetching market data from TCBS API
{
  "ticker": "NTL",
  "from": 1748304000,
  "to": 1748390400,
  "url": "https://apipubaws.tcbs.com.vn/stock-insight/v1/stock/bars-long-term?ticker=NTL&type=stock&resolution=D&from=1748304000&to=1748390400"
}
--------------------------------------------------------------------------------
[2025-05-28T08:01:05.143Z] [INFO] [TCBS] TCBS API response status
{
  "ticker": "NTL",
  "status": 200
}
--------------------------------------------------------------------------------
[2025-05-28T08:01:05.145Z] [DEBUG] [TCBS] API response structure
{
  "ticker": "NTL",
  "keys": [
    "ticker",
    "data",
    "dataT1"
  ],
  "sample": "{\"ticker\":\"NTL\",\"data\":[{\"open\":16250,\"high\":16250,\"low\":15750,\"close\":15800,\"volume\":2067600,\"tradingDate\":\"2025-05-28T07:59:00.000Z\"}],\"dataT1\":null}"
}
--------------------------------------------------------------------------------
[2025-05-28T08:01:05.145Z] [INFO] [TCBS] Successfully fetched market data
{
  "ticker": "NTL",
  "latestEntry": {
    "open": 16250,
    "high": 16250,
    "low": 15750,
    "close": 15800,
    "volume": 2067600,
    "tradingDate": "2025-05-28T07:59:00.000Z"
  }
}
--------------------------------------------------------------------------------
[2025-05-28T08:01:05.163Z] [INFO] [TCBS] TCBS API response status
{
  "ticker": "NKG",
  "status": 200
}
--------------------------------------------------------------------------------
[2025-05-28T08:01:05.164Z] [DEBUG] [TCBS] API response structure
{
  "ticker": "NKG",
  "keys": [
    "ticker",
    "data",
    "dataT1"
  ],
  "sample": "{\"ticker\":\"NKG\",\"data\":[{\"open\":13200,\"high\":13350,\"low\":12950,\"close\":13050,\"volume\":7493700,\"tradingDate\":\"2025-05-28T07:59:00.000Z\"}],\"dataT1\":null}"
}
--------------------------------------------------------------------------------
[2025-05-28T08:01:05.164Z] [INFO] [TCBS] Successfully fetched market data
{
  "ticker": "NKG",
  "latestEntry": {
    "open": 13200,
    "high": 13350,
    "low": 12950,
    "close": 13050,
    "volume": 7493700,
    "tradingDate": "2025-05-28T07:59:00.000Z"
  }
}
--------------------------------------------------------------------------------
[2025-05-28T08:01:05.339Z] [INFO] [TCBS] Updated cache for NTL
{
  "price": 15800,
  "timestamp": 1748419264721
}
--------------------------------------------------------------------------------
[2025-05-28T08:01:05.810Z] [INFO] [TCBS] Updated cache for NKG
{
  "price": 13050,
  "timestamp": 1748419264721
}
--------------------------------------------------------------------------------
[2025-05-28T08:01:05.810Z] [INFO] [TCBS] Market data fetch completed
{
  "totalRequested": 2,
  "cacheHits": 0,
  "cacheMisses": 2,
  "errors": 0,
  "fetchTime": "1089ms",
  "totalTime": "1107ms"
}
--------------------------------------------------------------------------------
[2025-05-28T08:01:05.824Z] [INFO] [TCBS] Batch cache HIT for [NKG,NTL]
--------------------------------------------------------------------------------
[2025-05-28T08:01:05.824Z] [INFO] [TCBS] Market data API (cached batch) completed in 2ms
--------------------------------------------------------------------------------
[2025-05-28T10:42:53.562Z] [INFO] [TCBS] Market data request received
{
  "userId": "cmb6ahtk10000gq50si3n8mci",
  "tickers": [
    "NKG",
    "NTL"
  ],
  "cacheDuration": "60 minutes"
}
--------------------------------------------------------------------------------
[2025-05-28T10:42:53.564Z] [DEBUG] [TCBS] Starting market data fetch with caching
{
  "tickers": [
    "NKG",
    "NTL"
  ]
}
--------------------------------------------------------------------------------
[2025-05-28T10:42:54.212Z] [INFO] [TCBS] Cache EXPIRED for NKG
{
  "cacheAge": "162 minutes old",
  "cacheDuration": "60 minutes"
}
--------------------------------------------------------------------------------
[2025-05-28T10:42:54.212Z] [INFO] [TCBS] Fetching market data from TCBS API
{
  "ticker": "NKG",
  "from": 1748304000,
  "to": 1748390400,
  "url": "https://apipubaws.tcbs.com.vn/stock-insight/v1/stock/bars-long-term?ticker=NKG&type=stock&resolution=D&from=1748304000&to=1748390400"
}
--------------------------------------------------------------------------------
[2025-05-28T10:42:54.220Z] [INFO] [TCBS] Cache EXPIRED for NTL
{
  "cacheAge": "162 minutes old",
  "cacheDuration": "60 minutes"
}
--------------------------------------------------------------------------------
[2025-05-28T10:42:54.221Z] [INFO] [TCBS] Fetching market data from TCBS API
{
  "ticker": "NTL",
  "from": 1748304000,
  "to": 1748390400,
  "url": "https://apipubaws.tcbs.com.vn/stock-insight/v1/stock/bars-long-term?ticker=NTL&type=stock&resolution=D&from=1748304000&to=1748390400"
}
--------------------------------------------------------------------------------
[2025-05-28T10:42:54.465Z] [INFO] [TCBS] TCBS API response status
{
  "ticker": "NTL",
  "status": 200
}
--------------------------------------------------------------------------------
[2025-05-28T10:42:54.468Z] [DEBUG] [TCBS] API response structure
{
  "ticker": "NTL",
  "keys": [
    "ticker",
    "data",
    "dataT1"
  ],
  "sample": "{\"ticker\":\"NTL\",\"data\":[{\"open\":16250,\"high\":16250,\"low\":15750,\"close\":15800,\"volume\":2067600,\"tradingDate\":\"2025-05-28T07:59:00.000Z\"}],\"dataT1\":null}"
}
--------------------------------------------------------------------------------
[2025-05-28T10:42:54.468Z] [INFO] [TCBS] Successfully fetched market data
{
  "ticker": "NTL",
  "latestEntry": {
    "open": 16250,
    "high": 16250,
    "low": 15750,
    "close": 15800,
    "volume": 2067600,
    "tradingDate": "2025-05-28T07:59:00.000Z"
  }
}
--------------------------------------------------------------------------------
[2025-05-28T10:42:54.471Z] [INFO] [TCBS] TCBS API response status
{
  "ticker": "NKG",
  "status": 200
}
--------------------------------------------------------------------------------
[2025-05-28T10:42:54.472Z] [DEBUG] [TCBS] API response structure
{
  "ticker": "NKG",
  "keys": [
    "ticker",
    "data",
    "dataT1"
  ],
  "sample": "{\"ticker\":\"NKG\",\"data\":[{\"open\":13200,\"high\":13350,\"low\":12950,\"close\":13050,\"volume\":7493700,\"tradingDate\":\"2025-05-28T07:59:00.000Z\"}],\"dataT1\":null}"
}
--------------------------------------------------------------------------------
[2025-05-28T10:42:54.472Z] [INFO] [TCBS] Successfully fetched market data
{
  "ticker": "NKG",
  "latestEntry": {
    "open": 13200,
    "high": 13350,
    "low": 12950,
    "close": 13050,
    "volume": 7493700,
    "tradingDate": "2025-05-28T07:59:00.000Z"
  }
}
--------------------------------------------------------------------------------
[2025-05-28T10:42:54.602Z] [INFO] [TCBS] Updated cache for NKG
{
  "price": 13050,
  "timestamp": 1748428973564
}
--------------------------------------------------------------------------------
[2025-05-28T10:42:54.617Z] [INFO] [TCBS] Updated cache for NTL
{
  "price": 15800,
  "timestamp": 1748428973565
}
--------------------------------------------------------------------------------
[2025-05-28T10:42:54.618Z] [INFO] [TCBS] Market data fetch completed
{
  "totalRequested": 2,
  "cacheHits": 0,
  "cacheMisses": 2,
  "errors": 0,
  "fetchTime": "1054ms",
  "totalTime": "1059ms"
}
--------------------------------------------------------------------------------
[2025-05-28T10:42:54.632Z] [INFO] [TCBS] Batch cache HIT for [NKG,NTL]
--------------------------------------------------------------------------------
[2025-05-28T10:42:54.633Z] [INFO] [TCBS] Market data API (cached batch) completed in 2ms
--------------------------------------------------------------------------------
[2025-05-28T11:26:32.860Z] [INFO] [TCBS] Market data request received
{
  "userId": "cmb6ahtk10000gq50si3n8mci",
  "tickers": [
    "NKG",
    "NTL"
  ],
  "cacheDuration": "60 minutes"
}
--------------------------------------------------------------------------------
[2025-05-28T11:26:32.862Z] [DEBUG] [TCBS] Starting market data fetch with caching
{
  "tickers": [
    "NKG",
    "NTL"
  ]
}
--------------------------------------------------------------------------------
[2025-05-28T11:26:32.995Z] [INFO] [TCBS] Cache HIT for NKG
{
  "cacheAge": "44 minutes old"
}
--------------------------------------------------------------------------------
[2025-05-28T11:26:32.996Z] [INFO] [TCBS] Cache HIT for NTL
{
  "cacheAge": "44 minutes old"
}
--------------------------------------------------------------------------------
[2025-05-28T11:26:32.996Z] [INFO] [TCBS] Market data fetch completed
{
  "totalRequested": 2,
  "cacheHits": 2,
  "cacheMisses": 0,
  "errors": 0,
  "fetchTime": "134ms",
  "totalTime": "138ms"
}
--------------------------------------------------------------------------------
[2025-05-28T11:26:33.852Z] [INFO] [TCBS] Batch cache HIT for [NKG,NTL]
--------------------------------------------------------------------------------
[2025-05-28T11:26:33.853Z] [INFO] [TCBS] Market data API (cached batch) completed in 3ms
--------------------------------------------------------------------------------
[2025-05-29T04:18:13.265Z] [INFO] [TCBS] Market data request received
{
  "userId": "cmb6ahtk10000gq50si3n8mci",
  "tickers": [
    "NKG",
    "NTL"
  ],
  "cacheDuration": "60 minutes"
}
--------------------------------------------------------------------------------
[2025-05-29T04:18:13.266Z] [DEBUG] [TCBS] Starting market data fetch with caching
{
  "tickers": [
    "NKG",
    "NTL"
  ]
}
--------------------------------------------------------------------------------
[2025-05-29T04:18:13.445Z] [INFO] [TCBS] Cache EXPIRED for NKG
{
  "cacheAge": "1055 minutes old",
  "cacheDuration": "60 minutes"
}
--------------------------------------------------------------------------------
[2025-05-29T04:18:13.445Z] [INFO] [TCBS] Fetching market data from TCBS API
{
  "ticker": "NKG",
  "from": 1748390400,
  "to": 1748476800,
  "url": "https://apipubaws.tcbs.com.vn/stock-insight/v1/stock/bars-long-term?ticker=NKG&type=stock&resolution=D&from=1748390400&to=1748476800"
}
--------------------------------------------------------------------------------
[2025-05-29T04:18:13.457Z] [INFO] [TCBS] Cache EXPIRED for NTL
{
  "cacheAge": "1055 minutes old",
  "cacheDuration": "60 minutes"
}
--------------------------------------------------------------------------------
[2025-05-29T04:18:13.457Z] [INFO] [TCBS] Fetching market data from TCBS API
{
  "ticker": "NTL",
  "from": 1748390400,
  "to": 1748476800,
  "url": "https://apipubaws.tcbs.com.vn/stock-insight/v1/stock/bars-long-term?ticker=NTL&type=stock&resolution=D&from=1748390400&to=1748476800"
}
--------------------------------------------------------------------------------
[2025-05-29T04:18:13.739Z] [INFO] [TCBS] TCBS API response status
{
  "ticker": "NTL",
  "status": 200
}
--------------------------------------------------------------------------------
[2025-05-29T04:18:13.741Z] [DEBUG] [TCBS] API response structure
{
  "ticker": "NTL",
  "keys": [
    "ticker",
    "data",
    "dataT1"
  ],
  "sample": "{\"ticker\":\"NTL\",\"data\":[{\"open\":15950,\"high\":16800,\"low\":15850,\"close\":16400,\"volume\":2488700,\"tradingDate\":\"2025-05-29T04:17:00.000Z\"}],\"dataT1\":null}"
}
--------------------------------------------------------------------------------
[2025-05-29T04:18:13.741Z] [INFO] [TCBS] Successfully fetched market data
{
  "ticker": "NTL",
  "latestEntry": {
    "open": 15950,
    "high": 16800,
    "low": 15850,
    "close": 16400,
    "volume": 2488700,
    "tradingDate": "2025-05-29T04:17:00.000Z"
  }
}
--------------------------------------------------------------------------------
[2025-05-29T04:18:14.191Z] [INFO] [TCBS] TCBS API response status
{
  "ticker": "NKG",
  "status": 200
}
--------------------------------------------------------------------------------
[2025-05-29T04:18:14.192Z] [DEBUG] [TCBS] API response structure
{
  "ticker": "NKG",
  "keys": [
    "ticker",
    "data",
    "dataT1"
  ],
  "sample": "{\"ticker\":\"NKG\",\"data\":[{\"open\":13200,\"high\":13250,\"low\":13100,\"close\":13100,\"volume\":4307900,\"tradingDate\":\"2025-05-29T04:17:00.000Z\"}],\"dataT1\":null}"
}
--------------------------------------------------------------------------------
[2025-05-29T04:18:14.192Z] [INFO] [TCBS] Successfully fetched market data
{
  "ticker": "NKG",
  "latestEntry": {
    "open": 13200,
    "high": 13250,
    "low": 13100,
    "close": 13100,
    "volume": 4307900,
    "tradingDate": "2025-05-29T04:17:00.000Z"
  }
}
--------------------------------------------------------------------------------
[2025-05-29T04:18:14.247Z] [INFO] [TCBS] Updated cache for NTL
{
  "price": 16400,
  "timestamp": 1748492293267
}
--------------------------------------------------------------------------------
[2025-05-29T04:18:14.898Z] [INFO] [TCBS] Updated cache for NKG
{
  "price": 13100,
  "timestamp": 1748492293267
}
--------------------------------------------------------------------------------
[2025-05-29T04:18:14.899Z] [INFO] [TCBS] Market data fetch completed
{
  "totalRequested": 2,
  "cacheHits": 0,
  "cacheMisses": 2,
  "errors": 0,
  "fetchTime": "1632ms",
  "totalTime": "1657ms"
}
--------------------------------------------------------------------------------
[2025-05-29T04:18:14.914Z] [INFO] [TCBS] Batch cache HIT for [NKG,NTL]
--------------------------------------------------------------------------------
[2025-05-29T04:18:14.914Z] [INFO] [TCBS] Market data API (cached batch) completed in 3ms
--------------------------------------------------------------------------------
[2025-05-29T05:18:23.649Z] [INFO] [TCBS] Market data request received
{
  "userId": "cmb6ahtk10000gq50si3n8mci",
  "tickers": [
    "NKG",
    "NTL"
  ],
  "cacheDuration": "60 minutes"
}
--------------------------------------------------------------------------------
[2025-05-29T05:18:23.650Z] [DEBUG] [TCBS] Starting market data fetch with caching
{
  "tickers": [
    "NKG",
    "NTL"
  ]
}
--------------------------------------------------------------------------------
[2025-05-29T05:18:23.825Z] [INFO] [TCBS] Cache EXPIRED for NKG
{
  "cacheAge": "60 minutes old",
  "cacheDuration": "60 minutes"
}
--------------------------------------------------------------------------------
[2025-05-29T05:18:23.826Z] [INFO] [TCBS] Fetching market data from TCBS API
{
  "ticker": "NKG",
  "from": 1748390400,
  "to": 1748476800,
  "url": "https://apipubaws.tcbs.com.vn/stock-insight/v1/stock/bars-long-term?ticker=NKG&type=stock&resolution=D&from=1748390400&to=1748476800"
}
--------------------------------------------------------------------------------
[2025-05-29T05:18:23.835Z] [INFO] [TCBS] Cache EXPIRED for NTL
{
  "cacheAge": "60 minutes old",
  "cacheDuration": "60 minutes"
}
--------------------------------------------------------------------------------
[2025-05-29T05:18:23.835Z] [INFO] [TCBS] Fetching market data from TCBS API
{
  "ticker": "NTL",
  "from": 1748390400,
  "to": 1748476800,
  "url": "https://apipubaws.tcbs.com.vn/stock-insight/v1/stock/bars-long-term?ticker=NTL&type=stock&resolution=D&from=1748390400&to=1748476800"
}
--------------------------------------------------------------------------------
[2025-05-29T05:18:24.126Z] [INFO] [TCBS] TCBS API response status
{
  "ticker": "NTL",
  "status": 200
}
--------------------------------------------------------------------------------
[2025-05-29T05:18:24.127Z] [DEBUG] [TCBS] API response structure
{
  "ticker": "NTL",
  "keys": [
    "ticker",
    "data",
    "dataT1"
  ],
  "sample": "{\"ticker\":\"NTL\",\"data\":[{\"open\":15950,\"high\":16800,\"low\":15850,\"close\":16400,\"volume\":2639000,\"tradingDate\":\"2025-05-29T04:30:00.000Z\"}],\"dataT1\":null}"
}
--------------------------------------------------------------------------------
[2025-05-29T05:18:24.127Z] [INFO] [TCBS] Successfully fetched market data
{
  "ticker": "NTL",
  "latestEntry": {
    "open": 15950,
    "high": 16800,
    "low": 15850,
    "close": 16400,
    "volume": 2639000,
    "tradingDate": "2025-05-29T04:30:00.000Z"
  }
}
--------------------------------------------------------------------------------
[2025-05-29T05:18:24.189Z] [INFO] [TCBS] TCBS API response status
{
  "ticker": "NKG",
  "status": 200
}
--------------------------------------------------------------------------------
[2025-05-29T05:18:24.190Z] [DEBUG] [TCBS] API response structure
{
  "ticker": "NKG",
  "keys": [
    "ticker",
    "data",
    "dataT1"
  ],
  "sample": "{\"ticker\":\"NKG\",\"data\":[{\"open\":13200,\"high\":13250,\"low\":13050,\"close\":13050,\"volume\":4580300,\"tradingDate\":\"2025-05-29T04:30:00.000Z\"}],\"dataT1\":null}"
}
--------------------------------------------------------------------------------
[2025-05-29T05:18:24.190Z] [INFO] [TCBS] Successfully fetched market data
{
  "ticker": "NKG",
  "latestEntry": {
    "open": 13200,
    "high": 13250,
    "low": 13050,
    "close": 13050,
    "volume": 4580300,
    "tradingDate": "2025-05-29T04:30:00.000Z"
  }
}
--------------------------------------------------------------------------------
[2025-05-29T05:18:24.289Z] [INFO] [TCBS] Updated cache for NTL
{
  "price": 16400,
  "timestamp": 1748495903651
}
--------------------------------------------------------------------------------
[2025-05-29T05:18:24.815Z] [INFO] [TCBS] Updated cache for NKG
{
  "price": 13050,
  "timestamp": 1748495903651
}
--------------------------------------------------------------------------------
[2025-05-29T05:18:24.816Z] [INFO] [TCBS] Market data fetch completed
{
  "totalRequested": 2,
  "cacheHits": 0,
  "cacheMisses": 2,
  "errors": 0,
  "fetchTime": "1165ms",
  "totalTime": "1188ms"
}
--------------------------------------------------------------------------------
[2025-05-29T05:18:24.830Z] [INFO] [TCBS] Batch cache HIT for [NKG,NTL]
--------------------------------------------------------------------------------
[2025-05-29T05:18:24.830Z] [INFO] [TCBS] Market data API (cached batch) completed in 3ms
--------------------------------------------------------------------------------
[2025-05-29T07:10:51.513Z] [INFO] [TCBS] Market data request received
{
  "userId": "cmb6ahtk10000gq50si3n8mci",
  "tickers": [
    "NKG",
    "NTL"
  ],
  "cacheDuration": "60 minutes"
}
--------------------------------------------------------------------------------
[2025-05-29T07:10:51.513Z] [DEBUG] [TCBS] Starting market data fetch with caching
{
  "tickers": [
    "NKG",
    "NTL"
  ]
}
--------------------------------------------------------------------------------
[2025-05-29T07:10:51.654Z] [INFO] [TCBS] Cache EXPIRED for NKG
{
  "cacheAge": "112 minutes old",
  "cacheDuration": "60 minutes"
}
--------------------------------------------------------------------------------
[2025-05-29T07:10:51.655Z] [INFO] [TCBS] Fetching market data from TCBS API
{
  "ticker": "NKG",
  "from": 1748390400,
  "to": 1748476800,
  "url": "https://apipubaws.tcbs.com.vn/stock-insight/v1/stock/bars-long-term?ticker=NKG&type=stock&resolution=D&from=1748390400&to=1748476800"
}
--------------------------------------------------------------------------------
[2025-05-29T07:10:51.665Z] [INFO] [TCBS] Cache EXPIRED for NTL
{
  "cacheAge": "112 minutes old",
  "cacheDuration": "60 minutes"
}
--------------------------------------------------------------------------------
[2025-05-29T07:10:51.665Z] [INFO] [TCBS] Fetching market data from TCBS API
{
  "ticker": "NTL",
  "from": 1748390400,
  "to": 1748476800,
  "url": "https://apipubaws.tcbs.com.vn/stock-insight/v1/stock/bars-long-term?ticker=NTL&type=stock&resolution=D&from=1748390400&to=1748476800"
}
--------------------------------------------------------------------------------
[2025-05-29T07:10:51.930Z] [INFO] [TCBS] TCBS API response status
{
  "ticker": "NTL",
  "status": 200
}
--------------------------------------------------------------------------------
[2025-05-29T07:10:51.932Z] [DEBUG] [TCBS] API response structure
{
  "ticker": "NTL",
  "keys": [
    "ticker",
    "data",
    "dataT1"
  ],
  "sample": "{\"ticker\":\"NTL\",\"data\":[{\"open\":15950,\"high\":16900,\"low\":15850,\"close\":16900,\"volume\":5473000,\"tradingDate\":\"2025-05-29T07:09:00.000Z\"}],\"dataT1\":null}"
}
--------------------------------------------------------------------------------
[2025-05-29T07:10:51.932Z] [INFO] [TCBS] Successfully fetched market data
{
  "ticker": "NTL",
  "latestEntry": {
    "open": 15950,
    "high": 16900,
    "low": 15850,
    "close": 16900,
    "volume": 5473000,
    "tradingDate": "2025-05-29T07:09:00.000Z"
  }
}
--------------------------------------------------------------------------------
[2025-05-29T07:10:51.941Z] [INFO] [TCBS] TCBS API response status
{
  "ticker": "NKG",
  "status": 200
}
--------------------------------------------------------------------------------
[2025-05-29T07:10:51.941Z] [DEBUG] [TCBS] API response structure
{
  "ticker": "NKG",
  "keys": [
    "ticker",
    "data",
    "dataT1"
  ],
  "sample": "{\"ticker\":\"NKG\",\"data\":[{\"open\":13200,\"high\":13250,\"low\":13000,\"close\":13200,\"volume\":6945300,\"tradingDate\":\"2025-05-29T07:09:00.000Z\"}],\"dataT1\":null}"
}
--------------------------------------------------------------------------------
[2025-05-29T07:10:51.942Z] [INFO] [TCBS] Successfully fetched market data
{
  "ticker": "NKG",
  "latestEntry": {
    "open": 13200,
    "high": 13250,
    "low": 13000,
    "close": 13200,
    "volume": 6945300,
    "tradingDate": "2025-05-29T07:09:00.000Z"
  }
}
--------------------------------------------------------------------------------
[2025-05-29T07:10:52.077Z] [INFO] [TCBS] Updated cache for NTL
{
  "price": 16900,
  "timestamp": 1748502651514
}
--------------------------------------------------------------------------------
[2025-05-29T07:10:52.848Z] [INFO] [TCBS] Updated cache for NKG
{
  "price": 13200,
  "timestamp": 1748502651513
}
--------------------------------------------------------------------------------
[2025-05-29T07:10:52.848Z] [INFO] [TCBS] Market data fetch completed
{
  "totalRequested": 2,
  "cacheHits": 0,
  "cacheMisses": 2,
  "errors": 0,
  "fetchTime": "1335ms",
  "totalTime": "1365ms"
}
--------------------------------------------------------------------------------
[2025-05-29T07:10:52.862Z] [INFO] [TCBS] Batch cache HIT for [NKG,NTL]
--------------------------------------------------------------------------------
[2025-05-29T07:10:52.862Z] [INFO] [TCBS] Market data API (cached batch) completed in 3ms
--------------------------------------------------------------------------------
[2025-05-29T07:35:38.410Z] [INFO] [TCBS] Market data request received
{
  "userId": "cmb6ahtk10000gq50si3n8mci",
  "tickers": [
    "NKG",
    "NTL"
  ],
  "cacheDuration": "60 minutes"
}
--------------------------------------------------------------------------------
[2025-05-29T07:35:38.410Z] [DEBUG] [TCBS] Starting market data fetch with caching
{
  "tickers": [
    "NKG",
    "NTL"
  ]
}
--------------------------------------------------------------------------------
[2025-05-29T07:35:38.555Z] [INFO] [TCBS] Cache HIT for NKG
{
  "cacheAge": "25 minutes old"
}
--------------------------------------------------------------------------------
[2025-05-29T07:35:38.555Z] [INFO] [TCBS] Cache HIT for NTL
{
  "cacheAge": "25 minutes old"
}
--------------------------------------------------------------------------------
[2025-05-29T07:35:38.556Z] [INFO] [TCBS] Market data fetch completed
{
  "totalRequested": 2,
  "cacheHits": 2,
  "cacheMisses": 0,
  "errors": 0,
  "fetchTime": "145ms",
  "totalTime": "165ms"
}
--------------------------------------------------------------------------------
[2025-05-29T07:35:38.572Z] [INFO] [TCBS] Batch cache HIT for [NKG,NTL]
--------------------------------------------------------------------------------
[2025-05-29T07:35:38.572Z] [INFO] [TCBS] Market data API (cached batch) completed in 3ms
--------------------------------------------------------------------------------
